<?xml version="1.0" encoding="UTF-8"?>
<!-- Generated by org.testng.reporters.JUnitXMLReporter -->
<testsuite hostname="Cheta" ignored="2" name="Test" tests="1" failures="0" timestamp="11 Nov 2019 06:48:41 GMT" time="0.063" errors="0">
  <testcase name="cTest" time="0.015" classname="com.test.TestNGClass"/>
  <testcase name="aTest" time="0.0" classname="com.test.TestNGClass">
    <ignored/>
  </testcase> <!-- aTest -->
  <testcase name="bTest" time="0.0" classname="com.test.TestNGClass">
    <ignored/>
  </testcase> <!-- bTest -->
</testsuite> <!-- Test -->
