<?xml version="1.0" encoding="UTF-8"?>
<testng-results skipped="0" failed="0" ignored="2" total="3" passed="1">
  <reporter-output>
  </reporter-output>
  <suite name="Suite" duration-ms="63" started-at="2019-11-11T06:48:41Z" finished-at="2019-11-11T06:48:41Z">
    <groups>
      <group name="SmokeTesting">
        <method signature="TestNGClass.cTest()[pri:0, instance:com.test.TestNGClass@56f4468b]" name="cTest" class="com.test.TestNGClass"/>
      </group> <!-- SmokeTesting -->
    </groups>
    <test name="Test" duration-ms="63" started-at="2019-11-11T06:48:41Z" finished-at="2019-11-11T06:48:41Z">
      <class name="com.test.TestNGClass">
        <test-method status="PASS" signature="cTest()[pri:0, instance:com.test.TestNGClass@56f4468b]" name="cTest" duration-ms="15" started-at="2019-11-11T06:48:41Z" finished-at="2019-11-11T06:48:41Z">
          <reporter-output>
          </reporter-output>
        </test-method> <!-- cTest -->
      </class> <!-- com.test.TestNGClass -->
    </test> <!-- Test -->
  </suite> <!-- Suite -->
</testng-results>
